<?xml version="1.0" encoding="UTF-8"?>
<!-- Generated by org.testng.reporters.JUnitXMLReporter -->
<testsuite ignored="0" hostname="pranita" failures="0" tests="7" name="Surefire test" time="56.8" errors="0" timestamp="2024-07-16T22:41:35 IST">
  <testcase classname="io.cucumber.testng.AbstractTestNGCucumberTests" name="runScenario" time="6.55"/>
  <testcase classname="io.cucumber.testng.AbstractTestNGCucumberTests" name="runScenario" time="10.066"/>
  <testcase classname="rahulsettyacedeny.ErrorValidationsTest" name="LoginErrorValidation" time="1.168"/>
  <testcase classname="rahulsettyacedeny.ErrorValidationsTest" name="ProductErrorValidation" time="2.982"/>
  <testcase classname="rahulsettyacedeny.SubmitOrderTest" name="SubmitOrder" time="3.924"/>
  <testcase classname="rahulsettyacedeny.SubmitOrderTest" name="SubmitOrder" time="4.295"/>
  <testcase classname="rahulsettyacedeny.SubmitOrderTest" name="OrderHystoryTest" time="1.156"/>
</testsuite> <!-- Surefire test -->
