<?xml version="1.0" encoding="UTF-8"?>
<!-- Generated by org.testng.reporters.JUnitXMLReporter -->
<testsuite ignored="0" hostname="pranita" failures="0" tests="2" name="Error Validations Test" time="22.299" errors="0" timestamp="2024-07-13T15:47:39 IST">
  <testcase classname="rahulsettyacedeny.ErrorValidationsTest" name="LoginErrorValidation" time="0.832"/>
  <testcase classname="rahulsettyacedeny.ErrorValidationsTest" name="ProductErrorValidation" time="2.797"/>
</testsuite> <!-- Error Validations Test -->
