<?xml version="1.0" encoding="UTF-8"?>
<testsuite xmlns:xsi="http://www.w3.org/2001/XMLSchema-instance" xsi:noNamespaceSchemaLocation="https://maven.apache.org/surefire/maven-surefire-plugin/xsd/surefire-test-report.xsd" name="TestSuite" time="57.782" tests="7" errors="0" skipped="0" failures="0">
  <properties>
[...]
</properties>
  <testcase name="runScenario" classname="cucumber.TestNGTestRunner" time="6.552"/>
  <testcase name="runScenario" classname="cucumber.TestNGTestRunner" time="10.066"/>
  <testcase name="LoginErrorValidation" classname="rahulsettyacedeny.ErrorValidationsTest" time="1.167"/>
  <testcase name="ProductErrorValidation" classname="rahulsettyacedeny.ErrorValidationsTest" time="2.98"/>
  <testcase name="SubmitOrder" classname="rahulsettyacedeny.SubmitOrderTest" time="3.922"/>
  <testcase name="SubmitOrder" classname="rahulsettyacedeny.SubmitOrderTest" time="4.296"/>
  <testcase name="OrderHystoryTest" classname="rahulsettyacedeny.SubmitOrderTest" time="1.157"/>
</testsuite>