<?xml version="1.0" encoding="UTF-8"?>
<testng-results ignored="0" total="7" passed="7" failed="0" skipped="0">
  <reporter-output>
  </reporter-output>
  <suite started-at="2024-07-16T22:40:38 IST" name="Surefire suite" finished-at="2024-07-16T22:41:35 IST" duration-ms="56800">
    <groups>
      <group name="ErrorHandling">
        <method signature="ErrorValidationsTest.LoginErrorValidation()[pri:0, instance:rahulsettyacedeny.ErrorValidationsTest@73700b80]" name="LoginErrorValidation" class="rahulsettyacedeny.ErrorValidationsTest"/>
      </group> <!-- ErrorHandling -->
      <group name="cucumber">
        <method signature="AbstractTestNGCucumberTests.runScenario(io.cucumber.testng.PickleWrapper,io.cucumber.testng.FeatureWrapper)[pri:0, instance:cucumber.TestNGTestRunner@10feca44]" name="runScenario" class="io.cucumber.testng.AbstractTestNGCucumberTests"/>
      </group> <!-- cucumber -->
      <group name="purchase">
        <method signature="SubmitOrderTest.SubmitOrder(java.util.HashMap)[pri:0, instance:rahulsettyacedeny.SubmitOrderTest@4d5b6aac]" name="SubmitOrder" class="rahulsettyacedeny.SubmitOrderTest"/>
      </group> <!-- purchase -->
    </groups>
    <test started-at="2024-07-16T22:40:38 IST" name="Surefire test" finished-at="2024-07-16T22:41:35 IST" duration-ms="56800">
      <class name="rahulsettyacedeny.ErrorValidationsTest">
        <test-method is-config="true" signature="lunchApplication()[pri:0, instance:rahulsettyacedeny.ErrorValidationsTest@73700b80]" started-at="2024-07-16T22:40:56 IST" name="lunchApplication" finished-at="2024-07-16T22:41:06 IST" duration-ms="10136" status="PASS">
          <reporter-output>
          </reporter-output>
        </test-method> <!-- lunchApplication -->
        <test-method signature="LoginErrorValidation()[pri:0, instance:rahulsettyacedeny.ErrorValidationsTest@73700b80]" started-at="2024-07-16T22:41:06 IST" name="LoginErrorValidation" finished-at="2024-07-16T22:41:08 IST" duration-ms="1168" status="PASS">
          <reporter-output>
          </reporter-output>
        </test-method> <!-- LoginErrorValidation -->
        <test-method is-config="true" signature="TearDown()[pri:0, instance:rahulsettyacedeny.ErrorValidationsTest@73700b80]" started-at="2024-07-16T22:41:08 IST" name="TearDown" finished-at="2024-07-16T22:41:08 IST" duration-ms="373" status="PASS">
          <reporter-output>
          </reporter-output>
        </test-method> <!-- TearDown -->
        <test-method is-config="true" signature="lunchApplication()[pri:0, instance:rahulsettyacedeny.ErrorValidationsTest@73700b80]" started-at="2024-07-16T22:41:08 IST" name="lunchApplication" finished-at="2024-07-16T22:41:11 IST" duration-ms="2718" status="PASS">
          <reporter-output>
          </reporter-output>
        </test-method> <!-- lunchApplication -->
        <test-method signature="ProductErrorValidation()[pri:0, instance:rahulsettyacedeny.ErrorValidationsTest@73700b80]" started-at="2024-07-16T22:41:11 IST" name="ProductErrorValidation" finished-at="2024-07-16T22:41:14 IST" duration-ms="2982" status="PASS">
          <reporter-output>
          </reporter-output>
        </test-method> <!-- ProductErrorValidation -->
        <test-method is-config="true" signature="TearDown()[pri:0, instance:rahulsettyacedeny.ErrorValidationsTest@73700b80]" started-at="2024-07-16T22:41:14 IST" name="TearDown" finished-at="2024-07-16T22:41:14 IST" duration-ms="317" status="PASS">
          <reporter-output>
          </reporter-output>
        </test-method> <!-- TearDown -->
      </class> <!-- rahulsettyacedeny.ErrorValidationsTest -->
      <class name="rahulsettyacedeny.SubmitOrderTest">
        <test-method is-config="true" signature="lunchApplication()[pri:0, instance:rahulsettyacedeny.SubmitOrderTest@4d5b6aac]" started-at="2024-07-16T22:41:14 IST" name="lunchApplication" finished-at="2024-07-16T22:41:18 IST" duration-ms="3087" status="PASS">
          <reporter-output>
          </reporter-output>
        </test-method> <!-- lunchApplication -->
        <test-method signature="SubmitOrder(java.util.HashMap)[pri:0, instance:rahulsettyacedeny.SubmitOrderTest@4d5b6aac]" started-at="2024-07-16T22:41:18 IST" name="SubmitOrder" data-provider="getData" finished-at="2024-07-16T22:41:21 IST" duration-ms="3924" status="PASS">
          <params>
            <param index="0">
              <value>
                <![CDATA[{password=Pranitamadhup@90, ProductName=ZARA COAT 3, email=pranitamadhup90@gmail.com}]]>
              </value>
            </param>
          </params>
          <reporter-output>
          </reporter-output>
        </test-method> <!-- SubmitOrder -->
        <test-method is-config="true" signature="TearDown()[pri:0, instance:rahulsettyacedeny.SubmitOrderTest@4d5b6aac]" started-at="2024-07-16T22:41:21 IST" name="TearDown" finished-at="2024-07-16T22:41:22 IST" duration-ms="267" status="PASS">
          <reporter-output>
          </reporter-output>
        </test-method> <!-- TearDown -->
        <test-method is-config="true" signature="lunchApplication()[pri:0, instance:rahulsettyacedeny.SubmitOrderTest@4d5b6aac]" started-at="2024-07-16T22:41:22 IST" name="lunchApplication" finished-at="2024-07-16T22:41:25 IST" duration-ms="3787" status="PASS">
          <reporter-output>
          </reporter-output>
        </test-method> <!-- lunchApplication -->
        <test-method signature="SubmitOrder(java.util.HashMap)[pri:0, instance:rahulsettyacedeny.SubmitOrderTest@4d5b6aac]" started-at="2024-07-16T22:41:25 IST" name="SubmitOrder" data-provider="getData" finished-at="2024-07-16T22:41:30 IST" duration-ms="4295" status="PASS">
          <params>
            <param index="0">
              <value>
                <![CDATA[{password=Iamking@000, ProductName=ADIDAS ORIGINAL, email=shetty@gmail.com}]]>
              </value>
            </param>
          </params>
          <reporter-output>
          </reporter-output>
        </test-method> <!-- SubmitOrder -->
        <test-method is-config="true" signature="TearDown()[pri:0, instance:rahulsettyacedeny.SubmitOrderTest@4d5b6aac]" started-at="2024-07-16T22:41:30 IST" name="TearDown" finished-at="2024-07-16T22:41:30 IST" duration-ms="212" status="PASS">
          <reporter-output>
          </reporter-output>
        </test-method> <!-- TearDown -->
        <test-method is-config="true" signature="lunchApplication()[pri:0, instance:rahulsettyacedeny.SubmitOrderTest@4d5b6aac]" started-at="2024-07-16T22:41:30 IST" name="lunchApplication" finished-at="2024-07-16T22:41:34 IST" duration-ms="3946" status="PASS">
          <reporter-output>
          </reporter-output>
        </test-method> <!-- lunchApplication -->
        <test-method signature="OrderHystoryTest()[pri:0, instance:rahulsettyacedeny.SubmitOrderTest@4d5b6aac]" started-at="2024-07-16T22:41:34 IST" name="OrderHystoryTest" finished-at="2024-07-16T22:41:35 IST" depends-on-methods="rahulsettyacedeny.SubmitOrderTest.SubmitOrder" duration-ms="1156" status="PASS">
          <reporter-output>
          </reporter-output>
        </test-method> <!-- OrderHystoryTest -->
        <test-method is-config="true" signature="TearDown()[pri:0, instance:rahulsettyacedeny.SubmitOrderTest@4d5b6aac]" started-at="2024-07-16T22:41:35 IST" name="TearDown" finished-at="2024-07-16T22:41:35 IST" duration-ms="185" status="PASS">
          <reporter-output>
          </reporter-output>
        </test-method> <!-- TearDown -->
      </class> <!-- rahulsettyacedeny.SubmitOrderTest -->
      <class name="cucumber.TestNGTestRunner">
        <test-method is-config="true" signature="setUpClass(org.testng.ITestContext)[pri:0, instance:cucumber.TestNGTestRunner@10feca44]" started-at="2024-07-16T22:40:39 IST" name="setUpClass" finished-at="2024-07-16T22:40:40 IST" duration-ms="1090" status="PASS">
          <params>
            <param index="0">
              <value>
                <![CDATA[org.testng.TestRunner@3b218c74]]>
              </value>
            </param>
          </params>
          <reporter-output>
          </reporter-output>
        </test-method> <!-- setUpClass -->
        <test-method signature="runScenario(io.cucumber.testng.PickleWrapper,io.cucumber.testng.FeatureWrapper)[pri:0, instance:cucumber.TestNGTestRunner@10feca44]" started-at="2024-07-16T22:40:40 IST" name="runScenario" description="Runs Cucumber Scenarios" data-provider="scenarios" finished-at="2024-07-16T22:40:46 IST" duration-ms="6550" status="PASS">
          <params>
            <param index="0">
              <value>
                <![CDATA["Title of your scenario outline"]]>
              </value>
            </param>
            <param index="1">
              <value>
                <![CDATA["Error validation"]]>
              </value>
            </param>
          </params>
          <reporter-output>
          </reporter-output>
        </test-method> <!-- runScenario -->
        <test-method signature="runScenario(io.cucumber.testng.PickleWrapper,io.cucumber.testng.FeatureWrapper)[pri:0, instance:cucumber.TestNGTestRunner@10feca44]" started-at="2024-07-16T22:40:46 IST" name="runScenario" description="Runs Cucumber Scenarios" data-provider="scenarios" finished-at="2024-07-16T22:40:56 IST" duration-ms="10066" status="PASS">
          <params>
            <param index="0">
              <value>
                <![CDATA["Positive Test of Submitting the order"]]>
              </value>
            </param>
            <param index="1">
              <value>
                <![CDATA["Purchase the order from Ecommerce Website"]]>
              </value>
            </param>
          </params>
          <reporter-output>
          </reporter-output>
        </test-method> <!-- runScenario -->
        <test-method is-config="true" signature="tearDownClass()[pri:0, instance:cucumber.TestNGTestRunner@10feca44]" started-at="2024-07-16T22:40:56 IST" name="tearDownClass" finished-at="2024-07-16T22:40:56 IST" duration-ms="34" status="PASS">
          <reporter-output>
          </reporter-output>
        </test-method> <!-- tearDownClass -->
      </class> <!-- cucumber.TestNGTestRunner -->
    </test> <!-- Surefire test -->
  </suite> <!-- Surefire suite -->
</testng-results>
